<?xml version="1.0" encoding="UTF-8"?>
<testsuite name="uk.gov.hmcts.reform.judicialapi.controller.WelcomeControllerTest" tests="1" skipped="0" failures="0" errors="0" timestamp="2020-01-10T17:32:55" hostname="LTGB06856" time="0.035">
  <properties/>
  <testcase name="should_return_welcome_response" classname="uk.gov.hmcts.reform.judicialapi.controller.WelcomeControllerTest" time="0.035"/>
  <system-out><![CDATA[2020-01-10 17:32:55.491  INFO   --- [    Test worker] u.g.h.r.j.controller.WelcomeController   : Welcome message 'Welcome to the Judicial API' from running instance: d043d575-bcc1-489a-964f-c82342673ba4
]]></system-out>
  <system-err><![CDATA[]]></system-err>
</testsuite>
