<?xml version="1.0" encoding="UTF-8"?>
<testsuite name="uk.gov.hmcts.reform.judicialapi.controller.response.JudicialUserProfileResponseUnitTest" tests="1" skipped="0" failures="0" errors="0" timestamp="2020-01-15T14:05:51" hostname="LTGB06856" time="0.002">
  <properties/>
  <testcase name="testJudicialUserProfileResponse" classname="uk.gov.hmcts.reform.judicialapi.controller.response.JudicialUserProfileResponseUnitTest" time="0.002"/>
  <system-out><![CDATA[]]></system-out>
  <system-err><![CDATA[]]></system-err>
</testsuite>
