<?xml version="1.0" encoding="UTF-8"?>
<testsuite name="uk.gov.hmcts.reform.judicialapi.service.impl.JudicialRoleTypeServiceImplUnitTest" tests="1" skipped="0" failures="0" errors="0" timestamp="2020-01-15T14:05:52" hostname="LTGB06856" time="0.23">
  <properties/>
  <testcase name="retrieveJudicialRolesTest" classname="uk.gov.hmcts.reform.judicialapi.service.impl.JudicialRoleTypeServiceImplUnitTest" time="0.23"/>
  <system-out><![CDATA[]]></system-out>
  <system-err><![CDATA[]]></system-err>
</testsuite>
