<?xml version="1.0" encoding="UTF-8"?>
<testsuite name="uk.gov.hmcts.reform.judicialapi.controller.advice.ErrorConstantsUnitTest" tests="1" skipped="0" failures="0" errors="0" timestamp="2020-01-10T17:32:50" hostname="LTGB06856" time="0.216">
  <properties/>
  <testcase name="check_constants" classname="uk.gov.hmcts.reform.judicialapi.controller.advice.ErrorConstantsUnitTest" time="0.216"/>
  <system-out><![CDATA[]]></system-out>
  <system-err><![CDATA[]]></system-err>
</testsuite>
