<?xml version="1.0" encoding="UTF-8"?>
<testsuite name="uk.gov.hmcts.reform.judicialapi.controller.advice.ExceptionMapperUnitTest" tests="13" skipped="0" failures="0" errors="0" timestamp="2020-01-09T12:09:09" hostname="LTGB06856" time="1.565">
  <properties/>
  <testcase name="should_handle_data_integrity_violation_exception" classname="uk.gov.hmcts.reform.judicialapi.controller.advice.ExceptionMapperUnitTest" time="0.795"/>
  <testcase name="should_handle_exception" classname="uk.gov.hmcts.reform.judicialapi.controller.advice.ExceptionMapperUnitTest" time="0.011"/>
  <testcase name="should_handle_constraint_violation_exception" classname="uk.gov.hmcts.reform.judicialapi.controller.advice.ExceptionMapperUnitTest" time="0.031"/>
  <testcase name="should_handle_resource_not_found_exception" classname="uk.gov.hmcts.reform.judicialapi.controller.advice.ExceptionMapperUnitTest" time="0.018"/>
  <testcase name="should_handle_method_not_valid_exception" classname="uk.gov.hmcts.reform.judicialapi.controller.advice.ExceptionMapperUnitTest" time="0.039"/>
  <testcase name="should_handle_illegal_argument_exception" classname="uk.gov.hmcts.reform.judicialapi.controller.advice.ExceptionMapperUnitTest" time="0.016"/>
  <testcase name="should_handle_empty_result_exception" classname="uk.gov.hmcts.reform.judicialapi.controller.advice.ExceptionMapperUnitTest" time="0.035"/>
  <testcase name="should_handle_duplicate_key_exception" classname="uk.gov.hmcts.reform.judicialapi.controller.advice.ExceptionMapperUnitTest" time="0.019"/>
  <testcase name="should_handle_invalid_request_exception" classname="uk.gov.hmcts.reform.judicialapi.controller.advice.ExceptionMapperUnitTest" time="0.017"/>
  <testcase name="should_handle_http_message_not_readable_exception" classname="uk.gov.hmcts.reform.judicialapi.controller.advice.ExceptionMapperUnitTest" time="0.035"/>
  <testcase name="should_handle_http_media_type_not_supported_exception" classname="uk.gov.hmcts.reform.judicialapi.controller.advice.ExceptionMapperUnitTest" time="0.003"/>
  <testcase name="should_handle_forbidden_error_exception" classname="uk.gov.hmcts.reform.judicialapi.controller.advice.ExceptionMapperUnitTest" time="0.043"/>
  <testcase name="should_handle_http_status_code_exception" classname="uk.gov.hmcts.reform.judicialapi.controller.advice.ExceptionMapperUnitTest" time="0.49"/>
  <system-out><![CDATA[2020-01-09 12:09:09.860 ERROR   --- [    Test worker] u.g.h.r.j.c.advice.ExceptionMapper       : handling exception: null

org.springframework.dao.DataIntegrityViolationException: null

2020-01-09 12:09:10.013 ERROR   --- [    Test worker] u.g.h.r.j.c.advice.ExceptionMapper       : handling exception: null

java.lang.Exception: null

2020-01-09 12:09:10.045 ERROR   --- [    Test worker] u.g.h.r.j.c.advice.ExceptionMapper       : handling exception: null

javax.validation.ConstraintViolationException: null

2020-01-09 12:09:10.063 ERROR   --- [    Test worker] u.g.h.r.j.c.advice.ExceptionMapper       : handling exception: null

uk.gov.hmcts.reform.judicialapi.controller.advice.ResourceNotFoundException: null

2020-01-09 12:09:10.104 ERROR   --- [    Test worker] u.g.h.r.j.c.advice.ExceptionMapper       : handling exception: null

org.springframework.web.bind.MethodArgumentNotValidException: null

2020-01-09 12:09:10.121 ERROR   --- [    Test worker] u.g.h.r.j.c.advice.ExceptionMapper       : handling exception: null

java.lang.IllegalArgumentException: null

2020-01-09 12:09:10.156 ERROR   --- [    Test worker] u.g.h.r.j.c.advice.ExceptionMapper       : handling exception: null

org.springframework.dao.EmptyResultDataAccessException: null

2020-01-09 12:09:10.176 ERROR   --- [    Test worker] u.g.h.r.j.c.advice.ExceptionMapper       : handling exception: null

org.springframework.dao.DuplicateKeyException: null

2020-01-09 12:09:10.195 ERROR   --- [    Test worker] u.g.h.r.j.c.advice.ExceptionMapper       : handling exception: null

uk.gov.hmcts.reform.judicialapi.controller.advice.InvalidRequest: null

2020-01-09 12:09:10.232 ERROR   --- [    Test worker] u.g.h.r.j.c.advice.ExceptionMapper       : handling exception: null

org.springframework.http.converter.HttpMessageNotReadableException: null

2020-01-09 12:09:10.236 ERROR   --- [    Test worker] u.g.h.r.j.c.advice.ExceptionMapper       : handling exception: null

java.lang.IllegalArgumentException: null

2020-01-09 12:09:10.279 ERROR   --- [    Test worker] u.g.h.r.j.c.advice.ExceptionMapper       : handling exception: null

java.nio.file.AccessDeniedException: null

2020-01-09 12:09:10.770 ERROR   --- [    Test worker] u.g.h.r.j.c.advice.ExceptionMapper       : handling exception: null

org.springframework.web.client.HttpStatusCodeException$MockitoMock$1995858095: null

]]></system-out>
  <system-err><![CDATA[]]></system-err>
</testsuite>
