<?xml version="1.0" encoding="UTF-8"?>
<testsuite name="uk.gov.hmcts.reform.judicialapi.controller.response.JudicialRoleTypeResponseUnitTest" tests="1" skipped="0" failures="0" errors="0" timestamp="2020-01-09T12:09:10" hostname="LTGB06856" time="0.0">
  <properties/>
  <testcase name="testJudicialRoleTypeResponse" classname="uk.gov.hmcts.reform.judicialapi.controller.response.JudicialRoleTypeResponseUnitTest" time="0.0"/>
  <system-out><![CDATA[]]></system-out>
  <system-err><![CDATA[]]></system-err>
</testsuite>
