<?xml version="1.0" encoding="UTF-8"?>
<testsuite name="uk.gov.hmcts.reform.judicialapi.controller.advice.ErrorResponseUnitTest" tests="2" skipped="0" failures="0" errors="0" timestamp="2020-01-15T14:05:48" hostname="LTGB06856" time="0.008">
  <properties/>
  <testcase name="testErrorResponse" classname="uk.gov.hmcts.reform.judicialapi.controller.advice.ErrorResponseUnitTest" time="0.008"/>
  <testcase name="test_NoArgsConstructor" classname="uk.gov.hmcts.reform.judicialapi.controller.advice.ErrorResponseUnitTest" time="0.0"/>
  <system-out><![CDATA[]]></system-out>
  <system-err><![CDATA[]]></system-err>
</testsuite>
