<?xml version="1.0" encoding="UTF-8"?>
<testsuite name="uk.gov.hmcts.reform.judicialapi.domain.JudicialRoleTypeUnitTest" tests="1" skipped="0" failures="0" errors="0" timestamp="2020-01-10T17:32:55" hostname="LTGB06856" time="0.002">
  <properties/>
  <testcase name="judicialRoleTypeTest" classname="uk.gov.hmcts.reform.judicialapi.domain.JudicialRoleTypeUnitTest" time="0.002"/>
  <system-out><![CDATA[]]></system-out>
  <system-err><![CDATA[]]></system-err>
</testsuite>
